<?xml version='1.0' encoding='UTF-8'?>
<testsuite hostname="Yukihides-MacBook-Air.local" name="example.HelloSpec" tests="1" errors="0" failures="0" skipped="0" time="0.006" timestamp="2023-01-12T13:05:47">
                     <properties>
      <property name="jline.esc.timeout" value="0"/><property name="java.runtime.name" value="OpenJDK Runtime Environment"/><property name="sun.boot.library.path" value="/Users/yukihidetakahashi/.sdkman/candidates/java/8.0.352-amzn/jre/lib"/><property name="java.vm.version" value="25.352-b08"/><property name="gopherProxySet" value="false"/><property name="java.vm.vendor" value="Amazon.com Inc."/><property name="java.vendor.url" value="https://aws.amazon.com/corretto/"/><property name="path.separator" value=":"/><property name="java.vm.name" value="OpenJDK 64-Bit Server VM"/><property name="file.encoding.pkg" value="sun.io"/><property name="user.country" value="SG"/><property name="sun.java.launcher" value="SUN_STANDARD"/><property name="sun.os.patch.level" value="unknown"/><property name="jna.nosys" value="true"/><property name="java.vm.specification.name" value="Java Virtual Machine Specification"/><property name="user.dir" value="/Users/yukihidetakahashi/Desktop/scala-training"/><property name="java.runtime.version" value="1.8.0_352-b08"/><property name="java.awt.graphicsenv" value="sun.awt.CGraphicsEnvironment"/><property name="java.endorsed.dirs" value="/Users/yukihidetakahashi/.sdkman/candidates/java/8.0.352-amzn/jre/lib/endorsed"/><property name="os.arch" value="aarch64"/><property name="java.io.tmpdir" value="/var/folders/nx/p7928kpd2lb7r0rv2_5t7cdh0000gn/T/"/><property name="line.separator" value="
"/><property name="java.vm.specification.vendor" value="Oracle Corporation"/><property name="os.name" value="Mac OS X"/><property name="sun.jnu.encoding" value="UTF-8"/><property name="jnidispatch.path" value="/var/folders/nx/p7928kpd2lb7r0rv2_5t7cdh0000gn/T/jna-1426383932/jna7810720523441871177.tmp"/><property name="java.library.path" value="/Users/yukihidetakahashi/Library/Java/Extensions:/Library/Java/Extensions:/Network/Library/Java/Extensions:/System/Library/Java/Extensions:/usr/lib/java:."/><property name="java.specification.name" value="Java Platform API Specification"/><property name="java.class.version" value="52.0"/><property name="sun.management.compiler" value="HotSpot 64-Bit Tiered Compilers"/><property name="os.version" value="13.0.1"/><property name="http.nonProxyHosts" value="local|*.local|169.254/16|*.169.254/16"/><property name="user.home" value="/Users/yukihidetakahashi"/><property name="user.timezone" value="Asia/Singapore"/><property name="java.awt.printerjob" value="sun.lwawt.macosx.CPrinterJob"/><property name="file.encoding" value="UTF-8"/><property name="java.specification.version" value="1.8"/><property name="java.class.path" value="/Users/yukihidetakahashi/.sdkman/candidates/sbt/1.4.6/bin/sbt-launch.jar"/><property name="user.name" value="yukihidetakahashi"/><property name="jline.shutdownhook" value="false"/><property name="java.vm.specification.version" value="1.8"/><property name="sun.java.command" value="/Users/yukihidetakahashi/.sdkman/candidates/sbt/1.4.6/bin/sbt-launch.jar"/><property name="java.home" value="/Users/yukihidetakahashi/.sdkman/candidates/java/8.0.352-amzn/jre"/><property name="sun.arch.data.model" value="64"/><property name="user.language" value="en"/><property name="java.specification.vendor" value="Oracle Corporation"/><property name="awt.toolkit" value="sun.lwawt.macosx.LWCToolkit"/><property name="java.vm.info" value="mixed mode"/><property name="java.version" value="1.8.0_352"/><property name="java.ext.dirs" value="/Users/yukihidetakahashi/Library/Java/Extensions:/Users/yukihidetakahashi/.sdkman/candidates/java/8.0.352-amzn/jre/lib/ext:/Library/Java/Extensions:/Network/Library/Java/Extensions:/System/Library/Java/Extensions:/usr/lib/java"/><property name="sun.boot.class.path" value="/Users/yukihidetakahashi/.sdkman/candidates/java/8.0.352-amzn/jre/lib/resources.jar:/Users/yukihidetakahashi/.sdkman/candidates/java/8.0.352-amzn/jre/lib/rt.jar:/Users/yukihidetakahashi/.sdkman/candidates/java/8.0.352-amzn/jre/lib/sunrsasign.jar:/Users/yukihidetakahashi/.sdkman/candidates/java/8.0.352-amzn/jre/lib/jsse.jar:/Users/yukihidetakahashi/.sdkman/candidates/java/8.0.352-amzn/jre/lib/jce.jar:/Users/yukihidetakahashi/.sdkman/candidates/java/8.0.352-amzn/jre/lib/charsets.jar:/Users/yukihidetakahashi/.sdkman/candidates/java/8.0.352-amzn/jre/lib/jfr.jar:/Users/yukihidetakahashi/.sdkman/candidates/java/8.0.352-amzn/jre/classes"/><property name="java.vendor" value="Amazon.com Inc."/><property name="java.specification.maintenance.version" value="4"/><property name="file.separator" value="/"/><property name="java.vendor.url.bug" value="https://github.com/corretto/corretto-8/issues/"/><property name="sun.io.unicode.encoding" value="UnicodeBig"/><property name="sun.cpu.endian" value="little"/><property name="socksNonProxyHosts" value="local|*.local|169.254/16|*.169.254/16"/><property name="ftp.nonProxyHosts" value="local|*.local|169.254/16|*.169.254/16"/><property name="sun.cpu.isalist" value=""/>
    </properties>
                     <testcase classname="example.HelloSpec" name="The Hello object should say hello" time="0.006">
                                                 
                                               </testcase>
                     <system-out><![CDATA[]]></system-out>
                     <system-err><![CDATA[]]></system-err>
                   </testsuite>